# JRE version: Java(TM) SE Runtime Environment (8.0_181-b13) (build 1.8.0_181-b13)
# Java VM: Java HotSpot(TM) 64-Bit Server VM (25.181-b13 mixed mode windows-amd64 compressed oops)
Heap:
 PSYoungGen      total 32256K, used 8827K [0x00000000d6180000, 0x00000000d8580000, 0x0000000100000000)
  eden space 28672K, 30% used [0x00000000d6180000,0x00000000d69f6e70,0x00000000d7d80000)
  from space 3584K, 4% used [0x00000000d8200000,0x00000000d8228000,0x00000000d8580000)
  to   space 4096K, 0% used [0x00000000d7d80000,0x00000000d7d80000,0x00000000d8180000)
 ParOldGen       total 86016K, used 15150K [0x0000000082400000, 0x0000000087800000, 0x00000000d6180000)
  object space 86016K, 17% used [0x0000000082400000,0x00000000832cbbf8,0x0000000087800000)
 Metaspace       used 11514K, capacity 11690K, committed 11904K, reserved 1060864K
  class space    used 1235K, capacity 1315K, committed 1408K, reserved 1048576K
GC Heap History (10 events):
Event: 3.384 GC heap before
{Heap before GC invocations=8 (full 0):
 PSYoungGen      total 32256K, used 32192K [0x00000000d6180000, 0x00000000d8700000, 0x0000000100000000)
  eden space 31232K, 100% used [0x00000000d6180000,0x00000000d8000000,0x00000000d8000000)
  from space 1024K, 93% used [0x00000000d8080000,0x00000000d8170000,0x00000000d8180000)
  to   space 3584K, 0% used [0x00000000d8380000,0x00000000d8380000,0x00000000d8700000)
 ParOldGen       total 86016K, used 14306K [0x0000000082400000, 0x0000000087800000, 0x00000000d6180000)
  object space 86016K, 16% used [0x0000000082400000,0x00000000831f8be8,0x0000000087800000)
 Metaspace       used 11377K, capacity 11562K, committed 11904K, reserved 1060864K
  class space    used 1225K, capacity 1315K, committed 1408K, reserved 1048576K
Event: 3.385 GC heap after
Heap after GC invocations=8 (full 0):
 PSYoungGen      total 34304K, used 736K [0x00000000d6180000, 0x00000000d8780000, 0x0000000100000000)
  eden space 30720K, 0% used [0x00000000d6180000,0x00000000d6180000,0x00000000d7f80000)
  from space 3584K, 20% used [0x00000000d8380000,0x00000000d8438000,0x00000000d8700000)
  to   space 4096K, 0% used [0x00000000d7f80000,0x00000000d7f80000,0x00000000d8380000)
 ParOldGen       total 86016K, used 14390K [0x0000000082400000, 0x0000000087800000, 0x00000000d6180000)
  object space 86016K, 16% used [0x0000000082400000,0x000000008320dbf8,0x0000000087800000)
 Metaspace       used 11377K, capacity 11562K, committed 11904K, reserved 1060864K
  class space    used 1225K, capacity 1315K, committed 1408K, reserved 1048576K
}
Event: 3.581 GC heap before
{Heap before GC invocations=9 (full 0):
 PSYoungGen      total 34304K, used 31456K [0x00000000d6180000, 0x00000000d8780000, 0x0000000100000000)
  eden space 30720K, 100% used [0x00000000d6180000,0x00000000d7f80000,0x00000000d7f80000)
  from space 3584K, 20% used [0x00000000d8380000,0x00000000d8438000,0x00000000d8700000)
  to   space 4096K, 0% used [0x00000000d7f80000,0x00000000d7f80000,0x00000000d8380000)
 ParOldGen       total 86016K, used 14390K [0x0000000082400000, 0x0000000087800000, 0x00000000d6180000)
  object space 86016K, 16% used [0x0000000082400000,0x000000008320dbf8,0x0000000087800000)
 Metaspace       used 11399K, capacity 11562K, committed 11904K, reserved 1060864K
  class space    used 1225K, capacity 1315K, committed 1408K, reserved 1048576K
Event: 3.582 GC heap after
Heap after GC invocations=9 (full 0):
 PSYoungGen      total 30720K, used 224K [0x00000000d6180000, 0x00000000d8700000, 0x0000000100000000)
  eden space 30208K, 0% used [0x00000000d6180000,0x00000000d6180000,0x00000000d7f00000)
  from space 512K, 43% used [0x00000000d7f80000,0x00000000d7fb8000,0x00000000d8000000)
  to   space 4096K, 0% used [0x00000000d8300000,0x00000000d8300000,0x00000000d8700000)
 ParOldGen       total 86016K, used 14966K [0x0000000082400000, 0x0000000087800000, 0x00000000d6180000)
  object space 86016K, 17% used [0x0000000082400000,0x000000008329dbf8,0x0000000087800000)
 Metaspace       used 11399K, capacity 11562K, committed 11904K, reserved 1060864K
  class space    used 1225K, capacity 1315K, committed 1408K, reserved 1048576K
}
Event: 3.802 GC heap before
{Heap before GC invocations=10 (full 0):
 PSYoungGen      total 30720K, used 30432K [0x00000000d6180000, 0x00000000d8700000, 0x0000000100000000)
  eden space 30208K, 100% used [0x00000000d6180000,0x00000000d7f00000,0x00000000d7f00000)
  from space 512K, 43% used [0x00000000d7f80000,0x00000000d7fb8000,0x00000000d8000000)
  to   space 4096K, 0% used [0x00000000d8300000,0x00000000d8300000,0x00000000d8700000)
 ParOldGen       total 86016K, used 14966K [0x0000000082400000, 0x0000000087800000, 0x00000000d6180000)
  object space 86016K, 17% used [0x0000000082400000,0x000000008329dbf8,0x0000000087800000)
 Metaspace       used 11480K, capacity 11690K, committed 11904K, reserved 1060864K
  class space    used 1232K, capacity 1315K, committed 1408K, reserved 1048576K
Event: 3.803 GC heap after
Heap after GC invocations=10 (full 0):
 PSYoungGen      total 33280K, used 288K [0x00000000d6180000, 0x00000000d8680000, 0x0000000100000000)
  eden space 29696K, 0% used [0x00000000d6180000,0x00000000d6180000,0x00000000d7e80000)
  from space 3584K, 8% used [0x00000000d8300000,0x00000000d8348000,0x00000000d8680000)
  to   space 4096K, 0% used [0x00000000d7e80000,0x00000000d7e80000,0x00000000d8280000)
 ParOldGen       total 86016K, used 15062K [0x0000000082400000, 0x0000000087800000, 0x00000000d6180000)
  object space 86016K, 17% used [0x0000000082400000,0x00000000832b5bf8,0x0000000087800000)
 Metaspace       used 11480K, capacity 11690K, committed 11904K, reserved 1060864K
  class space    used 1232K, capacity 1315K, committed 1408K, reserved 1048576K
}
Event: 4.084 GC heap before
{Heap before GC invocations=11 (full 0):
 PSYoungGen      total 33280K, used 28202K [0x00000000d6180000, 0x00000000d8680000, 0x0000000100000000)
  eden space 29696K, 94% used [0x00000000d6180000,0x00000000d7cc29e0,0x00000000d7e80000)
  from space 3584K, 8% used [0x00000000d8300000,0x00000000d8348000,0x00000000d8680000)
  to   space 4096K, 0% used [0x00000000d7e80000,0x00000000d7e80000,0x00000000d8280000)
 ParOldGen       total 86016K, used 15062K [0x0000000082400000, 0x0000000087800000, 0x00000000d6180000)
  object space 86016K, 17% used [0x0000000082400000,0x00000000832b5bf8,0x0000000087800000)
 Metaspace       used 11514K, capacity 11690K, committed 11904K, reserved 1060864K
  class space    used 1235K, capacity 1315K, committed 1408K, reserved 1048576K
Event: 4.085 GC heap after
Heap after GC invocations=11 (full 0):
 PSYoungGen      total 29696K, used 224K [0x00000000d6180000, 0x00000000d8600000, 0x0000000100000000)
  eden space 29184K, 0% used [0x00000000d6180000,0x00000000d6180000,0x00000000d7e00000)
  from space 512K, 43% used [0x00000000d7e80000,0x00000000d7eb8000,0x00000000d7f00000)
  to   space 4096K, 0% used [0x00000000d8200000,0x00000000d8200000,0x00000000d8600000)
 ParOldGen       total 86016K, used 15110K [0x0000000082400000, 0x0000000087800000, 0x00000000d6180000)
  object space 86016K, 17% used [0x0000000082400000,0x00000000832c1bf8,0x0000000087800000)
 Metaspace       used 11514K, capacity 11690K, committed 11904K, reserved 1060864K
  class space    used 1235K, capacity 1315K, committed 1408K, reserved 1048576K
}
Event: 4.305 GC heap before
{Heap before GC invocations=12 (full 0):
 PSYoungGen      total 29696K, used 25544K [0x00000000d6180000, 0x00000000d8600000, 0x0000000100000000)
  eden space 29184K, 86% used [0x00000000d6180000,0x00000000d7a3a0b0,0x00000000d7e00000)
  from space 512K, 43% used [0x00000000d7e80000,0x00000000d7eb8000,0x00000000d7f00000)
  to   space 4096K, 0% used [0x00000000d8200000,0x00000000d8200000,0x00000000d8600000)
 ParOldGen       total 86016K, used 15110K [0x0000000082400000, 0x0000000087800000, 0x00000000d6180000)
  object space 86016K, 17% used [0x0000000082400000,0x00000000832c1bf8,0x0000000087800000)
 Metaspace       used 11514K, capacity 11690K, committed 11904K, reserved 1060864K
  class space    used 1235K, capacity 1315K, committed 1408K, reserved 1048576K
Event: 4.306 GC heap after
Heap after GC invocations=12 (full 0):
 PSYoungGen      total 32256K, used 160K [0x00000000d6180000, 0x00000000d8580000, 0x0000000100000000)
  eden space 28672K, 0% used [0x00000000d6180000,0x00000000d6180000,0x00000000d7d80000)
  from space 3584K, 4% used [0x00000000d8200000,0x00000000d8228000,0x00000000d8580000)
  to   space 4096K, 0% used [0x00000000d7d80000,0x00000000d7d80000,0x00000000d8180000)
 ParOldGen       total 86016K, used 15150K [0x0000000082400000, 0x0000000087800000, 0x00000000d6180000)
  object space 86016K, 17% used [0x0000000082400000,0x00000000832cbbf8,0x0000000087800000)
 Metaspace       used 11514K, capacity 11690K, committed 11904K, reserved 1060864K
  class space    used 1235K, capacity 1315K, committed 1408K, reserved 1048576K
}

