# JRE version: Java(TM) SE Runtime Environment (8.0_181-b13) (build 1.8.0_181-b13)
# Java VM: Java HotSpot(TM) 64-Bit Server VM (25.181-b13 mixed mode windows-amd64 compressed oops)
Heap:
 PSYoungGen      total 138240K, used 122676K [0x00000000d6180000, 0x00000000e2800000, 0x0000000100000000)
  eden space 125440K, 87% used [0x00000000d6180000,0x00000000dccf3070,0x00000000ddc00000)
  from space 12800K, 98% used [0x00000000e0000000,0x00000000e0c5a010,0x00000000e0c80000)
  to   space 27136K, 0% used [0x00000000e0d80000,0x00000000e0d80000,0x00000000e2800000)
 ParOldGen       total 70656K, used 12401K [0x0000000082400000, 0x0000000086900000, 0x00000000d6180000)
  object space 70656K, 17% used [0x0000000082400000,0x000000008301c778,0x0000000086900000)
 Metaspace       used 16253K, capacity 16450K, committed 16896K, reserved 1064960K
  class space    used 1874K, capacity 1930K, committed 2048K, reserved 1048576K
GC Heap History (10 events):
Event: 14.889 GC heap before
{Heap before GC invocations=20 (full 1):
 PSYoungGen      total 168448K, used 164807K [0x00000000d6180000, 0x00000000e6a80000, 0x0000000100000000)
  eden space 151552K, 97% used [0x00000000d6180000,0x00000000df237e78,0x00000000df580000)
  from space 16896K, 98% used [0x00000000e5a00000,0x00000000e6a3a040,0x00000000e6a80000)
  to   space 28160K, 0% used [0x00000000e3380000,0x00000000e3380000,0x00000000e4f00000)
 ParOldGen       total 70656K, used 12241K [0x0000000082400000, 0x0000000086900000, 0x00000000d6180000)
  object space 70656K, 17% used [0x0000000082400000,0x0000000082ff4778,0x0000000086900000)
 Metaspace       used 15894K, capacity 16058K, committed 16384K, reserved 1062912K
  class space    used 1848K, capacity 1930K, committed 2048K, reserved 1048576K
Event: 14.891 GC heap after
Heap after GC invocations=20 (full 1):
 PSYoungGen      total 146432K, used 224K [0x00000000d6180000, 0x00000000e5a80000, 0x0000000100000000)
  eden space 145920K, 0% used [0x00000000d6180000,0x00000000d6180000,0x00000000df000000)
  from space 512K, 43% used [0x00000000e3380000,0x00000000e33b8000,0x00000000e3400000)
  to   space 28672K, 0% used [0x00000000e3e80000,0x00000000e3e80000,0x00000000e5a80000)
 ParOldGen       total 70656K, used 12273K [0x0000000082400000, 0x0000000086900000, 0x00000000d6180000)
  object space 70656K, 17% used [0x0000000082400000,0x0000000082ffc778,0x0000000086900000)
 Metaspace       used 15894K, capacity 16058K, committed 16384K, reserved 1062912K
  class space    used 1848K, capacity 1930K, committed 2048K, reserved 1048576K
}
Event: 15.599 GC heap before
{Heap before GC invocations=21 (full 1):
 PSYoungGen      total 146432K, used 146144K [0x00000000d6180000, 0x00000000e5a80000, 0x0000000100000000)
  eden space 145920K, 100% used [0x00000000d6180000,0x00000000df000000,0x00000000df000000)
  from space 512K, 43% used [0x00000000e3380000,0x00000000e33b8000,0x00000000e3400000)
  to   space 28672K, 0% used [0x00000000e3e80000,0x00000000e3e80000,0x00000000e5a80000)
 ParOldGen       total 70656K, used 12273K [0x0000000082400000, 0x0000000086900000, 0x00000000d6180000)
  object space 70656K, 17% used [0x0000000082400000,0x0000000082ffc778,0x0000000086900000)
 Metaspace       used 15908K, capacity 16122K, committed 16384K, reserved 1062912K
  class space    used 1848K, capacity 1930K, committed 2048K, reserved 1048576K
Event: 15.603 GC heap after
Heap after GC invocations=21 (full 1):
 PSYoungGen      total 157184K, used 16648K [0x00000000d6180000, 0x00000000e4f00000, 0x0000000100000000)
  eden space 140288K, 0% used [0x00000000d6180000,0x00000000d6180000,0x00000000dea80000)
  from space 16896K, 98% used [0x00000000e3e80000,0x00000000e4ec2040,0x00000000e4f00000)
  to   space 28672K, 0% used [0x00000000e1700000,0x00000000e1700000,0x00000000e3300000)
 ParOldGen       total 70656K, used 12297K [0x0000000082400000, 0x0000000086900000, 0x00000000d6180000)
  object space 70656K, 17% used [0x0000000082400000,0x0000000083002778,0x0000000086900000)
 Metaspace       used 15908K, capacity 16122K, committed 16384K, reserved 1062912K
  class space    used 1848K, capacity 1930K, committed 2048K, reserved 1048576K
}
Event: 16.278 GC heap before
{Heap before GC invocations=22 (full 1):
 PSYoungGen      total 157184K, used 156936K [0x00000000d6180000, 0x00000000e4f00000, 0x0000000100000000)
  eden space 140288K, 100% used [0x00000000d6180000,0x00000000dea80000,0x00000000dea80000)
  from space 16896K, 98% used [0x00000000e3e80000,0x00000000e4ec2040,0x00000000e4f00000)
  to   space 28672K, 0% used [0x00000000e1700000,0x00000000e1700000,0x00000000e3300000)
 ParOldGen       total 70656K, used 12297K [0x0000000082400000, 0x0000000086900000, 0x00000000d6180000)
  object space 70656K, 17% used [0x0000000082400000,0x0000000083002778,0x0000000086900000)
 Metaspace       used 15945K, capacity 16122K, committed 16384K, reserved 1062912K
  class space    used 1848K, capacity 1930K, committed 2048K, reserved 1048576K
Event: 16.283 GC heap after
Heap after GC invocations=22 (full 1):
 PSYoungGen      total 152064K, used 16616K [0x00000000d6180000, 0x00000000e3f00000, 0x0000000100000000)
  eden space 135168K, 0% used [0x00000000d6180000,0x00000000d6180000,0x00000000de580000)
  from space 16896K, 98% used [0x00000000e1700000,0x00000000e273a040,0x00000000e2780000)
  to   space 24064K, 0% used [0x00000000e2780000,0x00000000e2780000,0x00000000e3f00000)
 ParOldGen       total 70656K, used 12321K [0x0000000082400000, 0x0000000086900000, 0x00000000d6180000)
  object space 70656K, 17% used [0x0000000082400000,0x0000000083008778,0x0000000086900000)
 Metaspace       used 15945K, capacity 16122K, committed 16384K, reserved 1062912K
  class space    used 1848K, capacity 1930K, committed 2048K, reserved 1048576K
}
Event: 16.943 GC heap before
{Heap before GC invocations=23 (full 1):
 PSYoungGen      total 152064K, used 151784K [0x00000000d6180000, 0x00000000e3f00000, 0x0000000100000000)
  eden space 135168K, 100% used [0x00000000d6180000,0x00000000de580000,0x00000000de580000)
  from space 16896K, 98% used [0x00000000e1700000,0x00000000e273a040,0x00000000e2780000)
  to   space 24064K, 0% used [0x00000000e2780000,0x00000000e2780000,0x00000000e3f00000)
 ParOldGen       total 70656K, used 12321K [0x0000000082400000, 0x0000000086900000, 0x00000000d6180000)
  object space 70656K, 17% used [0x0000000082400000,0x0000000083008778,0x0000000086900000)
 Metaspace       used 15954K, capacity 16122K, committed 16384K, reserved 1062912K
  class space    used 1848K, capacity 1930K, committed 2048K, reserved 1048576K
Event: 16.945 GC heap after
Heap after GC invocations=23 (full 1):
 PSYoungGen      total 146944K, used 16584K [0x00000000d6180000, 0x00000000e3800000, 0x0000000100000000)
  eden space 130048K, 0% used [0x00000000d6180000,0x00000000d6180000,0x00000000de080000)
  from space 16896K, 98% used [0x00000000e2780000,0x00000000e37b2040,0x00000000e3800000)
  to   space 28672K, 0% used [0x00000000e0000000,0x00000000e0000000,0x00000000e1c00000)
 ParOldGen       total 70656K, used 12361K [0x0000000082400000, 0x0000000086900000, 0x00000000d6180000)
  object space 70656K, 17% used [0x0000000082400000,0x0000000083012778,0x0000000086900000)
 Metaspace       used 15954K, capacity 16122K, committed 16384K, reserved 1062912K
  class space    used 1848K, capacity 1930K, committed 2048K, reserved 1048576K
}
Event: 17.598 GC heap before
{Heap before GC invocations=24 (full 1):
 PSYoungGen      total 146944K, used 146631K [0x00000000d6180000, 0x00000000e3800000, 0x0000000100000000)
  eden space 130048K, 99% used [0x00000000d6180000,0x00000000de07ff70,0x00000000de080000)
  from space 16896K, 98% used [0x00000000e2780000,0x00000000e37b2040,0x00000000e3800000)
  to   space 28672K, 0% used [0x00000000e0000000,0x00000000e0000000,0x00000000e1c00000)
 ParOldGen       total 70656K, used 12361K [0x0000000082400000, 0x0000000086900000, 0x00000000d6180000)
  object space 70656K, 17% used [0x0000000082400000,0x0000000083012778,0x0000000086900000)
 Metaspace       used 16181K, capacity 16386K, committed 16640K, reserved 1064960K
  class space    used 1873K, capacity 1930K, committed 2048K, reserved 1048576K
Event: 17.601 GC heap after
Heap after GC invocations=24 (full 1):
 PSYoungGen      total 138240K, used 12648K [0x00000000d6180000, 0x00000000e2800000, 0x0000000100000000)
  eden space 125440K, 0% used [0x00000000d6180000,0x00000000d6180000,0x00000000ddc00000)
  from space 12800K, 98% used [0x00000000e0000000,0x00000000e0c5a010,0x00000000e0c80000)
  to   space 27136K, 0% used [0x00000000e0d80000,0x00000000e0d80000,0x00000000e2800000)
 ParOldGen       total 70656K, used 12401K [0x0000000082400000, 0x0000000086900000, 0x00000000d6180000)
  object space 70656K, 17% used [0x0000000082400000,0x000000008301c778,0x0000000086900000)
 Metaspace       used 16181K, capacity 16386K, committed 16640K, reserved 1064960K
  class space    used 1873K, capacity 1930K, committed 2048K, reserved 1048576K
}

