# JRE version: Java(TM) SE Runtime Environment (8.0_181-b13) (build 1.8.0_181-b13)
# Java VM: Java HotSpot(TM) 64-Bit Server VM (25.181-b13 mixed mode windows-amd64 compressed oops)
Heap:
 PSYoungGen      total 26624K, used 8855K [0x00000000d6180000, 0x00000000d8200000, 0x0000000100000000)
  eden space 26112K, 33% used [0x00000000d6180000,0x00000000d69fddd0,0x00000000d7b00000)
  from space 512K, 31% used [0x00000000d7b80000,0x00000000d7ba8000,0x00000000d7c00000)
  to   space 3584K, 0% used [0x00000000d7e80000,0x00000000d7e80000,0x00000000d8200000)
 ParOldGen       total 86016K, used 14998K [0x0000000082400000, 0x0000000087800000, 0x00000000d6180000)
  object space 86016K, 17% used [0x0000000082400000,0x00000000832a5bf8,0x0000000087800000)
 Metaspace       used 11657K, capacity 11818K, committed 12160K, reserved 1060864K
  class space    used 1249K, capacity 1315K, committed 1408K, reserved 1048576K
GC Heap History (10 events):
Event: 5.597 GC heap before
{Heap before GC invocations=13 (full 0):
 PSYoungGen      total 32256K, used 25463K [0x00000000d6180000, 0x00000000d8580000, 0x0000000100000000)
  eden space 28672K, 88% used [0x00000000d6180000,0x00000000d7a35db8,0x00000000d7d80000)
  from space 3584K, 4% used [0x00000000d8200000,0x00000000d8228000,0x00000000d8580000)
  to   space 4096K, 0% used [0x00000000d7d80000,0x00000000d7d80000,0x00000000d8180000)
 ParOldGen       total 86016K, used 14926K [0x0000000082400000, 0x0000000087800000, 0x00000000d6180000)
  object space 86016K, 17% used [0x0000000082400000,0x0000000083293bf8,0x0000000087800000)
 Metaspace       used 11656K, capacity 11818K, committed 12160K, reserved 1060864K
  class space    used 1249K, capacity 1315K, committed 1408K, reserved 1048576K
Event: 5.598 GC heap after
Heap after GC invocations=13 (full 0):
 PSYoungGen      total 28672K, used 160K [0x00000000d6180000, 0x00000000d8500000, 0x0000000100000000)
  eden space 28160K, 0% used [0x00000000d6180000,0x00000000d6180000,0x00000000d7d00000)
  from space 512K, 31% used [0x00000000d7d80000,0x00000000d7da8000,0x00000000d7e00000)
  to   space 4096K, 0% used [0x00000000d8100000,0x00000000d8100000,0x00000000d8500000)
 ParOldGen       total 86016K, used 14934K [0x0000000082400000, 0x0000000087800000, 0x00000000d6180000)
  object space 86016K, 17% used [0x0000000082400000,0x0000000083295bf8,0x0000000087800000)
 Metaspace       used 11656K, capacity 11818K, committed 12160K, reserved 1060864K
  class space    used 1249K, capacity 1315K, committed 1408K, reserved 1048576K
}
Event: 5.842 GC heap before
{Heap before GC invocations=14 (full 0):
 PSYoungGen      total 28672K, used 25304K [0x00000000d6180000, 0x00000000d8500000, 0x0000000100000000)
  eden space 28160K, 89% used [0x00000000d6180000,0x00000000d7a0e3e0,0x00000000d7d00000)
  from space 512K, 31% used [0x00000000d7d80000,0x00000000d7da8000,0x00000000d7e00000)
  to   space 4096K, 0% used [0x00000000d8100000,0x00000000d8100000,0x00000000d8500000)
 ParOldGen       total 86016K, used 14934K [0x0000000082400000, 0x0000000087800000, 0x00000000d6180000)
  object space 86016K, 17% used [0x0000000082400000,0x0000000083295bf8,0x0000000087800000)
 Metaspace       used 11656K, capacity 11818K, committed 12160K, reserved 1060864K
  class space    used 1249K, capacity 1315K, committed 1408K, reserved 1048576K
Event: 5.842 GC heap after
Heap after GC invocations=14 (full 0):
 PSYoungGen      total 31232K, used 160K [0x00000000d6180000, 0x00000000d8480000, 0x0000000100000000)
  eden space 27648K, 0% used [0x00000000d6180000,0x00000000d6180000,0x00000000d7c80000)
  from space 3584K, 4% used [0x00000000d8100000,0x00000000d8128000,0x00000000d8480000)
  to   space 4096K, 0% used [0x00000000d7c80000,0x00000000d7c80000,0x00000000d8080000)
 ParOldGen       total 86016K, used 14958K [0x0000000082400000, 0x0000000087800000, 0x00000000d6180000)
  object space 86016K, 17% used [0x0000000082400000,0x000000008329bbf8,0x0000000087800000)
 Metaspace       used 11656K, capacity 11818K, committed 12160K, reserved 1060864K
  class space    used 1249K, capacity 1315K, committed 1408K, reserved 1048576K
}
Event: 6.096 GC heap before
{Heap before GC invocations=15 (full 0):
 PSYoungGen      total 31232K, used 25292K [0x00000000d6180000, 0x00000000d8480000, 0x0000000100000000)
  eden space 27648K, 90% used [0x00000000d6180000,0x00000000d7a0b3b0,0x00000000d7c80000)
  from space 3584K, 4% used [0x00000000d8100000,0x00000000d8128000,0x00000000d8480000)
  to   space 4096K, 0% used [0x00000000d7c80000,0x00000000d7c80000,0x00000000d8080000)
 ParOldGen       total 86016K, used 14958K [0x0000000082400000, 0x0000000087800000, 0x00000000d6180000)
  object space 86016K, 17% used [0x0000000082400000,0x000000008329bbf8,0x0000000087800000)
 Metaspace       used 11657K, capacity 11818K, committed 12160K, reserved 1060864K
  class space    used 1249K, capacity 1315K, committed 1408K, reserved 1048576K
Event: 6.096 GC heap after
Heap after GC invocations=15 (full 0):
 PSYoungGen      total 27648K, used 192K [0x00000000d6180000, 0x00000000d8400000, 0x0000000100000000)
  eden space 27136K, 0% used [0x00000000d6180000,0x00000000d6180000,0x00000000d7c00000)
  from space 512K, 37% used [0x00000000d7c80000,0x00000000d7cb0000,0x00000000d7d00000)
  to   space 4096K, 0% used [0x00000000d8000000,0x00000000d8000000,0x00000000d8400000)
 ParOldGen       total 86016K, used 14974K [0x0000000082400000, 0x0000000087800000, 0x00000000d6180000)
  object space 86016K, 17% used [0x0000000082400000,0x000000008329fbf8,0x0000000087800000)
 Metaspace       used 11657K, capacity 11818K, committed 12160K, reserved 1060864K
  class space    used 1249K, capacity 1315K, committed 1408K, reserved 1048576K
}
Event: 6.352 GC heap before
{Heap before GC invocations=16 (full 0):
 PSYoungGen      total 27648K, used 25313K [0x00000000d6180000, 0x00000000d8400000, 0x0000000100000000)
  eden space 27136K, 92% used [0x00000000d6180000,0x00000000d7a086c8,0x00000000d7c00000)
  from space 512K, 37% used [0x00000000d7c80000,0x00000000d7cb0000,0x00000000d7d00000)
  to   space 4096K, 0% used [0x00000000d8000000,0x00000000d8000000,0x00000000d8400000)
 ParOldGen       total 86016K, used 14974K [0x0000000082400000, 0x0000000087800000, 0x00000000d6180000)
  object space 86016K, 17% used [0x0000000082400000,0x000000008329fbf8,0x0000000087800000)
 Metaspace       used 11657K, capacity 11818K, committed 12160K, reserved 1060864K
  class space    used 1249K, capacity 1315K, committed 1408K, reserved 1048576K
Event: 6.353 GC heap after
Heap after GC invocations=16 (full 0):
 PSYoungGen      total 29184K, used 96K [0x00000000d6180000, 0x00000000d8280000, 0x0000000100000000)
  eden space 26624K, 0% used [0x00000000d6180000,0x00000000d6180000,0x00000000d7b80000)
  from space 2560K, 3% used [0x00000000d8000000,0x00000000d8018000,0x00000000d8280000)
  to   space 3584K, 0% used [0x00000000d7b80000,0x00000000d7b80000,0x00000000d7f00000)
 ParOldGen       total 86016K, used 14990K [0x0000000082400000, 0x0000000087800000, 0x00000000d6180000)
  object space 86016K, 17% used [0x0000000082400000,0x00000000832a3bf8,0x0000000087800000)
 Metaspace       used 11657K, capacity 11818K, committed 12160K, reserved 1060864K
  class space    used 1249K, capacity 1315K, committed 1408K, reserved 1048576K
}
Event: 6.572 GC heap before
{Heap before GC invocations=17 (full 0):
 PSYoungGen      total 29184K, used 25206K [0x00000000d6180000, 0x00000000d8280000, 0x0000000100000000)
  eden space 26624K, 94% used [0x00000000d6180000,0x00000000d7a05bf8,0x00000000d7b80000)
  from space 2560K, 3% used [0x00000000d8000000,0x00000000d8018000,0x00000000d8280000)
  to   space 3584K, 0% used [0x00000000d7b80000,0x00000000d7b80000,0x00000000d7f00000)
 ParOldGen       total 86016K, used 14990K [0x0000000082400000, 0x0000000087800000, 0x00000000d6180000)
  object space 86016K, 17% used [0x0000000082400000,0x00000000832a3bf8,0x0000000087800000)
 Metaspace       used 11657K, capacity 11818K, committed 12160K, reserved 1060864K
  class space    used 1249K, capacity 1315K, committed 1408K, reserved 1048576K
Event: 6.572 GC heap after
Heap after GC invocations=17 (full 0):
 PSYoungGen      total 26624K, used 160K [0x00000000d6180000, 0x00000000d8200000, 0x0000000100000000)
  eden space 26112K, 0% used [0x00000000d6180000,0x00000000d6180000,0x00000000d7b00000)
  from space 512K, 31% used [0x00000000d7b80000,0x00000000d7ba8000,0x00000000d7c00000)
  to   space 3584K, 0% used [0x00000000d7e80000,0x00000000d7e80000,0x00000000d8200000)
 ParOldGen       total 86016K, used 14998K [0x0000000082400000, 0x0000000087800000, 0x00000000d6180000)
  object space 86016K, 17% used [0x0000000082400000,0x00000000832a5bf8,0x0000000087800000)
 Metaspace       used 11657K, capacity 11818K, committed 12160K, reserved 1060864K
  class space    used 1249K, capacity 1315K, committed 1408K, reserved 1048576K
}

